<html>
<body>
<pre>
<h1>µVision Build Log</h1>
<h2>Tool Versions:</h2>
IDE-Version: µVision V5.12.0.0
Copyright (C) 2014 ARM Ltd and ARM Germany GmbH. All rights reserved.
License Information: LI liezrowice@yahoo.com, Li, LIC=IK1BF-6H296-QD4KD-86NA8-Q96MP-3TGZP
 
Tool Versions:
Toolchain:       MDK-ARM Standard  Version: 5.12.0.0
Toolchain Path:  C:\Keil_v5\MDK512\ARM\ARMCC\Bin
C Compiler:      Armcc.exe V5.05 (build 41)
Assembler:       Armasm.exe V5.05 (build 41)
Linker/Locator:  ArmLink.exe V5.05 (build 41)
Library Manager: ArmAr.exe V5.05 (build 41)
Hex Converter:   FromElf.exe V5.05 (build 41)
CPU DLL:         SARM.DLL V5.12.0.0
Dialog DLL:      DARMP3.DLL 
<h2>Project:</h2>
C:\Parasoft\virality\Source code\BK3437\SDK\projects\app_gatt\app_3437.uvproj
Project File Date:  07/21/2025

<h2>Output:</h2>
Rebuild target 'Target1'
assembling boot_handlers.s...
assembling boot_vectors.s...
compiling main.c...
compiling app.c...
compiling app_batt.c...
compiling app_dis.c...
compiling app_fee0.c...
compiling app_oads.c...
compiling app_sec.c...
compiling app_task.c...
compiling app_auto_test.c...
compiling rwble.c...
compiling rwip.c...
compiling nvds.c...
compiling prf_utils.c...
compiling prf.c...
compiling rwbt.c...
compiling util_encrypt.c...
compiling intc.c...
..\..\src\plf\beken\src\driver\pwm\pwm.h(115): warning:  #375-D: declaration requires a typedef name
  };
..\..\src\plf\beken\src\driver\intc\intc.c: 1 warning, 0 errors
compiling rf_xvr.c...
compiling uart0_initial.c...
compiling uart1_initial.c...
compiling uart.c...
compiling driver_flash.c...
compiling wdt.c...
compiling driver_gpio.c...
compiling icu.c...
compiling plf_data_path.c...
compiling arch_main.c...
compiling aon_rtc.c...
compiling adc.c...
..\..\src\plf\beken\src\driver\adc\adc.c(126): warning:  #186-D: pointless comparison of unsigned integer with zero
      if(chnl<ADC_CHL_VBAT && chnl>=ADC_CHL_0_TEMPERATURE)
..\..\src\plf\beken\src\driver\adc\adc.c: 1 warning, 0 errors
compiling timer0.c...
compiling spi.c...
compiling spi_to_rgb_tc1903.c...
compiling spi_to_rgb_ws2812.c...
compiling spi_dma.c...
compiling dma.c...
compiling i2s.c...
compiling pwm.c...
..\..\src\plf\beken\src\driver\pwm\pwm.h(115): warning:  #375-D: declaration requires a typedef name
  };
..\..\src\plf\beken\src\driver\pwm\pwm.c(1055): warning:  #188-D: enumerated type mixed with another type
              pwm_output_mode_init(dev_sel,diff_sel, channel, end_value, pre_divid, duty_cycle, deadtime);
..\..\src\plf\beken\src\driver\pwm\pwm.c(1061): warning:  #188-D: enumerated type mixed with another type
              pwm_cap_mode_init(dev_sel, channel, 0x20) ; 
..\..\src\plf\beken\src\driver\pwm\pwm.c(1076): warning:  #550-D: variable "dev_sel" was set but never used
      pwm_dev_sel_t dev_sel=DEV_PWM0;
..\..\src\plf\beken\src\driver\pwm\pwm.c(1250): warning:  #223-D: function "Delay_ms" declared implicitly
                  Delay_ms(100);
..\..\src\plf\beken\src\driver\pwm\pwm.c(1290): warning:  #223-D: function "Delay_ms" declared implicitly
                  Delay_ms(10);
..\..\src\plf\beken\src\driver\pwm\pwm.c(1313): warning:  #223-D: function "wdt_feed" declared implicitly
          wdt_feed();
..\..\src\plf\beken\src\driver\pwm\pwm.c: 7 warnings, 0 errors
compiling diss.c...
compiling fee0s.c...
compiling bass.c...
compiling oads.c...
compiling oads_common.c...
compiling bk_printf.c...
compiling bsp.c...
..\..\src\plf\beken\src\driver\pwm\pwm.h(115): warning:  #375-D: declaration requires a typedef name
  };
user\bsp.c(700): warning:  #177-D: variable "i" was declared but never referenced
        uint8_t i;
user\bsp.c(972): warning:  #177-D: variable "tempADC" was declared but never referenced
        uint16_t tempADC;
user\bsp.c(1485): warning:  #177-D: variable "pwm0_drv_desc" was declared but never referenced
        PWM_DRV_DESC pwm0_drv_desc;
user\bsp.c(1836): warning:  #1-D: last line of file ends without a newline
  }
user\bsp.c: 5 warnings, 0 errors
creating Library...
Warning: L6875W: Adding non-ELF object 'peripheral_stack_symbol.txt' to archive '.\obj\SBOM_bk3437_app.lib'
After Build - User command #1: fromelf --bin --output .\output\app\bk3437_app.bin .\obj\bk3437_app.axf
After Build - User command #2: .\output\translate.bat
C:\Parasoft\virality\Source code\BK3437\SDK\projects\app_gatt>.\output\BinConvert  -oad .\output\boot\bk3437_boot.bin  .\output\stack\bk3437_stack.bin  .\output\app\bk3437_app.bin -m 0x1000 -l 0x1E200 -v 0x002b -rom_v 0x0007 -e 00000000 00000000 00000000 00000000 
cmd_bin_oad.stack_file_addr :0x1000
binary version hex:0x2b; dec:43
Arm Image Binary will be converted to OAD format binary file.....
cmd_bin_oad.stack_file_addr=1000
boot_bin_len=dd4
add stack bin start
        Encrypt Seccessfully!
        File Size: 0x2a866
oad_stack_app_bin_len=29800
oad_app_bin_len=a8e0
65 de d9 03 2b 00 38 2a 42 42 42 42 ff ff 07 00 /**< @CREATE_FILE_SUCCESS */
/**< @Download flash file:.\output\app\bk3437_app_merge_crc.bin
/**< @OAD file :.\output\app\bk3437_app_stack_oad.bin,CRC = 0xc6c7bb71
/**< @OAD file :.\output\app\bk3437_app_oad.bin,CRC = 0x03d9de65
/**< @author <gang.cheng@bekencorp.com> */
/**< @version v0.3 */
".\obj\SBOM_bk3437_app.lib" - 0 Error(s), 14 Warning(s).
</pre>
</body>
</html>
eg0x4_CEN2 ;                 //enable counter
..\..\src\plf\beken\src\driver\pwm\pwm.c(429): error:  #130: expected a "{"
              setf_PWM_0_Reg0x4_CEN2 ;                 //enable counter
..\..\src\plf\beken\src\driver\pwm\pwm.c(443): warning:  #12-D: parsing restarts here after previous syntax error
      }
..\..\src\plf\beken\src\driver\pwm\pwm.c(450): error:  #169: expected a declaration
  }
..\..\src\plf\beken\src\driver\pwm\pwm.c(475): warning:  #12-D: parsing restarts here after previous syntax error
              setf_PWM_1_Reg0xa_CH4E ;              //enable pwm_o[1]
..\..\src\plf\beken\src\driver\pwm\pwm.c(476): error:  #40: expected an identifier
              setf_PWM_1_Reg0xa_TIM2CCM ;             //CAPTURE mode
..\..\src\plf\beken\src\driver\pwm\pwm.c(476): error:  #79: expected a type specifier
              setf_PWM_1_Reg0xa_TIM2CCM ;             //CAPTURE mode
..\..\src\plf\beken\src\driver\pwm\pwm.c(476): warning:  #260-D: explicit type is missing ("int" assumed)
              setf_PWM_1_Reg0xa_TIM2CCM ;             //CAPTURE mode
..\..\src\plf\beken\src\driver\pwm\pwm.c(476): error:  #141-D: unnamed prototyped parameters not allowed when body is present
              setf_PWM_1_Reg0xa_TIM2CCM ;             //CAPTURE mode
..\..\src\plf\beken\src\driver\pwm\pwm.c(476): error:  #130: expected a "{"
              setf_PWM_1_Reg0xa_TIM2CCM ;             //CAPTURE mode
..\..\src\plf\beken\src\driver\pwm\pwm.c(495): warning:  #12-D: parsing restarts here after previous syntax error
      }
..\..\src\plf\beken\src\driver\pwm\pwm.c(496): error:  #169: expected a declaration
  }
..\..\src\plf\beken\src\driver\pwm\pwm.c(656): warning:  #12-D: parsing restarts here after previous syntax error
  int pwm0_ccr_1;
..\..\src\plf\beken\src\driver\pwm\pwm.c(675): error:  #20: identifier "pwm0_ccr_1" is undefined
              pwm0_ccr_1 = addPWM_0_Reg0x25 ;      //capture cycle between 2 posedge
..\..\src\plf\beken\src\driver\pwm\pwm.c(1158): warning:  #223-D: function "pwm_output_mode_init" declared implicitly
              pwm_output_mode_init(dev_sel,diff_sel, channel, end_value, pre_divid, duty_cycle, deadtime);
..\..\src\plf\beken\src\driver\pwm\pwm.c(1164): warning:  #223-D: function "pwm_cap_mode_init" declared implicitly
              pwm_cap_mode_init(dev_sel, channel, 0x20) ; 
..\..\src\plf\beken\src\driver\pwm\pwm.c(1179): warning:  #550-D: variable "dev_sel" was set but never used
      pwm_dev_sel_t dev_sel=DEV_PWM0;
..\..\src\plf\beken\src\driver\pwm\pwm.c(1351): warning:  #223-D: function "Delay_ms" declared implicitly
                  Delay_ms(100);
..\..\src\plf\beken\src\driver\pwm\pwm.c(1391): warning:  #223-D: function "Delay_ms" declared implicitly
                  Delay_ms(10);
..\..\src\plf\beken\src\driver\pwm\pwm.c(1414): warning:  #223-D: function "wdt_feed" declared implicitly
          wdt_feed();
..\..\src\plf\beken\src\driver\pwm\pwm.c(139): warning:  #177-D: function "pwm0_output_mode_config" was declared but never referenced
  static void pwm0_output_mode_config(uint8_t diff_sel,pwm_channel_t channel, int end_val, int psc, int cycle_val, int ddt)
..\..\src\plf\beken\src\driver\pwm\pwm.c: 17 warnings, 24 errors
compiling diss.c...
compiling fee0s.c...
compiling bass.c...
compiling oads.c...
compiling oads_common.c...
compiling bk_printf.c...
compiling bsp.c...
..\..\src\plf\beken\src\driver\pwm\pwm.h(115): warning:  #375-D: declaration requires a typedef name
  };
user\bsp.c(700): warning:  #177-D: variable "i" was declared but never referenced
        uint8_t i;
user\bsp.c(972): warning:  #177-D: variable "tempADC" was declared but never referenced
        uint16_t tempADC;
user\bsp.c(1485): warning:  #177-D: variable "pwm0_drv_desc" was declared but never referenced
        PWM_DRV_DESC pwm0_drv_desc;
user\bsp.c(1836): warning:  #1-D: last line of file ends without a newline
  }
user\bsp.c: 5 warnings, 0 errors
".\obj\SBOM_bk3437_app.lib" - 24 Error(s), 24 Warning(s).
Target not created.
): warning:  #177-D: function "pwm0_output_mode_config" was declared but never referenced
  static void pwm0_output_mode_config(uint8_t diff_sel,pwm_channel_t channel, int end_val, int psc, int cycle_val, int ddt)
..\..\src\plf\beken\src\driver\pwm\pwm.c: 22 warnings, 27 errors
compiling diss.c...
compiling fee0s.c...
compiling bass.c...
compiling oads.c...
compiling oads_common.c...
compiling bk_printf.c...
compiling bsp.c...
..\..\src\plf\beken\src\driver\pwm\pwm.h(115): warning:  #375-D: declaration requires a typedef name
  };
user\bsp.c(700): warning:  #177-D: variable "i" was declared but never referenced
        uint8_t i;
user\bsp.c(972): warning:  #177-D: variable "tempADC" was declared but never referenced
        uint16_t tempADC;
user\bsp.c(1485): warning:  #177-D: variable "pwm0_drv_desc" was declared but never referenced
        PWM_DRV_DESC pwm0_drv_desc;
user\bsp.c(1836): warning:  #1-D: last line of file ends without a newline
  }
user\bsp.c: 5 warnings, 0 errors
".\obj\SBOM_bk3437_app.lib" - 27 Error(s), 29 Warning(s).
Target not created.
